[    2057ms] Error: [svelte-i18n] Cannot format a message without first setting the initial locale.
    at Ya (https://gradio.s3-us-west-2.amazonaws.com/6.13.0/assets/i18n-Dnhn5Rxr.js:7:4052)
    at https://gradio.s3-us-west-2.amazonaws.com/6.13.0/assets/i18n-Dnhn5Rxr.js:7:8707
    at at (https://gradio.s3-us-west-2.amazonaws.com/6.13.0/assets/index-DWyDLubb.js:45:24266)
    at https://gradio.s3-us-west-2.amazonaws.com/6.13.0/assets/i18n-Dnhn5Rxr.js:7:8698
    at fn (https://gradio.s3-us-west-2.amazonaws.com/6.13.0/assets/index-DWyDLubb.js:45:21956)
    at An (https://gradio.s3-us-west-2.amazonaws.com/6.13.0/assets/index-DWyDLubb.js:45:10055)
    at jr (https://gradio.s3-us-west-2.amazonaws.com/6.13.0/assets/index-DWyDLubb.js:45:10104)
    at Q (https://gradio.s3-us-west-2.amazonaws.com/6.13.0/assets/index-DWyDLubb.js:45:23885)
    at Array.map (<anonymous>)
    at https://gradio.s3-us-west-2.amazonaws.com/6.13.0/assets/index-DWyDLubb.js:45:18826
[    2058ms] Error: [svelte-i18n] Cannot format a message without first setting the initial locale.
    at Ya (https://gradio.s3-us-west-2.amazonaws.com/6.13.0/assets/i18n-Dnhn5Rxr.js:7:4052)
    at https://gradio.s3-us-west-2.amazonaws.com/6.13.0/assets/i18n-Dnhn5Rxr.js:7:8707
    at at (https://gradio.s3-us-west-2.amazonaws.com/6.13.0/assets/index-DWyDLubb.js:45:24266)
    at https://gradio.s3-us-west-2.amazonaws.com/6.13.0/assets/i18n-Dnhn5Rxr.js:7:8698
    at fn (https://gradio.s3-us-west-2.amazonaws.com/6.13.0/assets/index-DWyDLubb.js:45:21956)
    at An (https://gradio.s3-us-west-2.amazonaws.com/6.13.0/assets/index-DWyDLubb.js:45:10055)
    at jr (https://gradio.s3-us-west-2.amazonaws.com/6.13.0/assets/index-DWyDLubb.js:45:10104)
    at Q (https://gradio.s3-us-west-2.amazonaws.com/6.13.0/assets/index-DWyDLubb.js:45:23885)
    at Array.map (<anonymous>)
    at https://gradio.s3-us-west-2.amazonaws.com/6.13.0/assets/index-DWyDLubb.js:45:18826
[    2058ms] Error: [svelte-i18n] Cannot format a message without first setting the initial locale.
    at Ya (https://gradio.s3-us-west-2.amazonaws.com/6.13.0/assets/i18n-Dnhn5Rxr.js:7:4052)
    at https://gradio.s3-us-west-2.amazonaws.com/6.13.0/assets/i18n-Dnhn5Rxr.js:7:8707
    at at (https://gradio.s3-us-west-2.amazonaws.com/6.13.0/assets/index-DWyDLubb.js:45:24266)
    at https://gradio.s3-us-west-2.amazonaws.com/6.13.0/assets/i18n-Dnhn5Rxr.js:7:8698
    at fn (https://gradio.s3-us-west-2.amazonaws.com/6.13.0/assets/index-DWyDLubb.js:45:21956)
    at An (https://gradio.s3-us-west-2.amazonaws.com/6.13.0/assets/index-DWyDLubb.js:45:10055)
    at jr (https://gradio.s3-us-west-2.amazonaws.com/6.13.0/assets/index-DWyDLubb.js:45:10104)
    at Q (https://gradio.s3-us-west-2.amazonaws.com/6.13.0/assets/index-DWyDLubb.js:45:23885)
    at Array.map (<anonymous>)
    at https://gradio.s3-us-west-2.amazonaws.com/6.13.0/assets/index-DWyDLubb.js:45:18826
[    2058ms] Error: [svelte-i18n] Cannot format a message without first setting the initial locale.
    at Ya (https://gradio.s3-us-west-2.amazonaws.com/6.13.0/assets/i18n-Dnhn5Rxr.js:7:4052)
    at https://gradio.s3-us-west-2.amazonaws.com/6.13.0/assets/i18n-Dnhn5Rxr.js:7:8707
    at at (https://gradio.s3-us-west-2.amazonaws.com/6.13.0/assets/index-DWyDLubb.js:45:24266)
    at https://gradio.s3-us-west-2.amazonaws.com/6.13.0/assets/i18n-Dnhn5Rxr.js:7:8698
    at fn (https://gradio.s3-us-west-2.amazonaws.com/6.13.0/assets/index-DWyDLubb.js:45:21956)
    at An (https://gradio.s3-us-west-2.amazonaws.com/6.13.0/assets/index-DWyDLubb.js:45:10055)
    at jr (https://gradio.s3-us-west-2.amazonaws.com/6.13.0/assets/index-DWyDLubb.js:45:10104)
    at Q (https://gradio.s3-us-west-2.amazonaws.com/6.13.0/assets/index-DWyDLubb.js:45:23885)
    at Array.map (<anonymous>)
    at https://gradio.s3-us-west-2.amazonaws.com/6.13.0/assets/index-DWyDLubb.js:45:18826
[    2058ms] Error: [svelte-i18n] Cannot format a message without first setting the initial locale.
    at Ya (https://gradio.s3-us-west-2.amazonaws.com/6.13.0/assets/i18n-Dnhn5Rxr.js:7:4052)
    at https://gradio.s3-us-west-2.amazonaws.com/6.13.0/assets/i18n-Dnhn5Rxr.js:7:8707
    at at (https://gradio.s3-us-west-2.amazonaws.com/6.13.0/assets/index-DWyDLubb.js:45:24266)
    at https://gradio.s3-us-west-2.amazonaws.com/6.13.0/assets/i18n-Dnhn5Rxr.js:7:8698
    at fn (https://gradio.s3-us-west-2.amazonaws.com/6.13.0/assets/index-DWyDLubb.js:45:21956)
    at An (https://gradio.s3-us-west-2.amazonaws.com/6.13.0/assets/index-DWyDLubb.js:45:10055)
    at jr (https://gradio.s3-us-west-2.amazonaws.com/6.13.0/assets/index-DWyDLubb.js:45:10104)
    at Q (https://gradio.s3-us-west-2.amazonaws.com/6.13.0/assets/index-DWyDLubb.js:45:23885)
    at Array.map (<anonymous>)
    at https://gradio.s3-us-west-2.amazonaws.com/6.13.0/assets/index-DWyDLubb.js:45:18826
[    2058ms] Error: [svelte-i18n] Cannot format a message without first setting the initial locale.
    at Ya (https://gradio.s3-us-west-2.amazonaws.com/6.13.0/assets/i18n-Dnhn5Rxr.js:7:4052)
    at https://gradio.s3-us-west-2.amazonaws.com/6.13.0/assets/i18n-Dnhn5Rxr.js:7:8707
    at at (https://gradio.s3-us-west-2.amazonaws.com/6.13.0/assets/index-DWyDLubb.js:45:24266)
    at https://gradio.s3-us-west-2.amazonaws.com/6.13.0/assets/i18n-Dnhn5Rxr.js:7:8698
    at fn (https://gradio.s3-us-west-2.amazonaws.com/6.13.0/assets/index-DWyDLubb.js:45:21956)
    at An (https://gradio.s3-us-west-2.amazonaws.com/6.13.0/assets/index-DWyDLubb.js:45:10055)
    at jr (https://gradio.s3-us-west-2.amazonaws.com/6.13.0/assets/index-DWyDLubb.js:45:10104)
    at Q (https://gradio.s3-us-west-2.amazonaws.com/6.13.0/assets/index-DWyDLubb.js:45:23885)
    at Array.map (<anonymous>)
    at https://gradio.s3-us-west-2.amazonaws.com/6.13.0/assets/index-DWyDLubb.js:45:18826
[    2058ms] Error: [svelte-i18n] Cannot format a message without first setting the initial locale.
    at Ya (https://gradio.s3-us-west-2.amazonaws.com/6.13.0/assets/i18n-Dnhn5Rxr.js:7:4052)
    at https://gradio.s3-us-west-2.amazonaws.com/6.13.0/assets/i18n-Dnhn5Rxr.js:7:8707
    at at (https://gradio.s3-us-west-2.amazonaws.com/6.13.0/assets/index-DWyDLubb.js:45:24266)
    at https://gradio.s3-us-west-2.amazonaws.com/6.13.0/assets/i18n-Dnhn5Rxr.js:7:8698
    at fn (https://gradio.s3-us-west-2.amazonaws.com/6.13.0/assets/index-DWyDLubb.js:45:21956)
    at An (https://gradio.s3-us-west-2.amazonaws.com/6.13.0/assets/index-DWyDLubb.js:45:10055)
    at jr (https://gradio.s3-us-west-2.amazonaws.com/6.13.0/assets/index-DWyDLubb.js:45:10104)
    at Q (https://gradio.s3-us-west-2.amazonaws.com/6.13.0/assets/index-DWyDLubb.js:45:23885)
    at Array.map (<anonymous>)
    at https://gradio.s3-us-west-2.amazonaws.com/6.13.0/assets/index-DWyDLubb.js:45:18826
